#
# A fatal error has been detected by the Java Runtime Environment:
#
#  EXCEPTION_ACCESS_VIOLATION (0xc0000005) at pc=0x000000006c47e528, pid=14528, tid=13472
#
# JRE version: Java(TM) SE Runtime Environment (10.0+46) (build 10+46)
# Java VM: Java HotSpot(TM) 64-Bit Server VM (10+46, mixed mode, tiered, compressed oops, g1 gc, windows-amd64)
# Problematic frame:
# V  [jvm.dll+0x2ee528]
#
# No core dump will be written. Minidumps are not enabled by default on client versions of Windows
#
# If you would like to submit a bug report, please visit:
#   http://bugreport.java.com/bugreport/crash.jsp
#

---------------  S U M M A R Y ------------

Command Line: -javaagent:C:\cs\IntelliJ IDEA Community Edition 2018.1\lib\idea_rt.jar=7018:C:\cs\IntelliJ IDEA Community Edition 2018.1\bin -Dfile.encoding=UTF-8 edu.fdu.se.main.astdiff.MyHttpServer

Host: Intel(R) Core(TM) i7-4710HQ CPU @ 2.50GHz, 8 cores, 11G,  Windows 10 , 64 bit Build 16299 (10.0.16299.431)
Time: Thu May 31 17:46:59 2018 ?D1¨²¡À¨º¡Á?¨º¡À?? elapsed time: 1683 seconds (0d 0h 28m 3s)

---------------  T H R E A D  ---------------

Current thread (0x000002c654410800):  ConcurrentGCThread "G1 Refine#0" [stack: 0x000000d51e400000,0x000000d51e500000] [id=13472]

Stack: [0x000000d51e400000,0x000000d51e500000],  sp=0x000000d51e4ff740,  free space=1021k
Native frames: (J=compiled Java code, j=interpreted, Vv=VM code, C=native code)
V  [jvm.dll+0x2ee528]
V  [jvm.dll+0x2f8ed5]
V  [jvm.dll+0x2fa598]
V  [jvm.dll+0x29eb27]
V  [jvm.dll+0x29e870]
V  [jvm.dll+0x29eeb5]
V  [jvm.dll+0x2d2646]
V  [jvm.dll+0x219579]
V  [jvm.dll+0x59ef10]
C  [msvcr120.dll+0x24f7f]
C  [msvcr120.dll+0x25126]
C  [KERNEL32.DLL+0x11fe4]
C  [ntdll.dll+0x6f061]


siginfo: EXCEPTION_ACCESS_VIOLATION (0xc0000005), reading address 0x0000000000000100


Register to memory mapping:

RIP=0x000000006c47e528 jvm.dll
RAX=0x0000000000004a55 is an unknown value
RBX=0x0000000701e61b50 is pointing into object: 0x0000000701e61b38
[Ljava.lang.Object; 
{0x0000000701e61b38} - klass: 'java/lang/Object'[]
 - length: 8
RCX=0x000002c63091b3a0 is an unknown value
RDX=0x0000000000000000 is an unknown value
RSP=0x000000d51e4ff740 is an unknown value
RBP=0x0000000701e61c00 is pointing into object: 0x0000000701e61be0
[Ljava.lang.Object; 
{0x0000000701e61be0} - klass: 'java/lang/Object'[]
 - length: 24
RSI=0x0000000701e61b68 is an oop
java.lang.module.ModuleDescriptor$Requires 
{0x0000000701e61b68} - klass: 'java/lang/module/ModuleDescriptor$Requires'
RDI=0x000000d51e4ff810 is an unknown value
R8 =0x0000000000000008 is an unknown value
R9 =0x0000000000000001 is an unknown value
R10=0x000000000000000c is an unknown value
R11=0x000002c654355c00 is an unknown value
R12=0x0000000701e61a00 is pointing into object: 0x0000000701e619f8
java.net.URI 
{0x0000000701e619f8} - klass: 'java/net/URI'
R13=0x000002c654346c80 is an unknown value
R14=0x000000d51e4ff810 is an unknown value
R15=0x000002c654355c00 is an unknown value


Registers:
RAX=0x0000000000004a55, RBX=0x0000000701e61b50, RCX=0x000002c63091b3a0, RDX=0x0000000000000000
RSP=0x000000d51e4ff740, RBP=0x0000000701e61c00, RSI=0x0000000701e61b68, RDI=0x000000d51e4ff810
R8 =0x0000000000000008, R9 =0x0000000000000001, R10=0x000000000000000c, R11=0x000002c654355c00
R12=0x0000000701e61a00, R13=0x000002c654346c80, R14=0x000000d51e4ff810, R15=0x000002c654355c00
RIP=0x000000006c47e528, EFLAGS=0x0000000000010206

Top of Stack: (sp=0x000000d51e4ff740)
0x000000d51e4ff740:   000002c600000002 0000000701e61ea4
0x000000d51e4ff750:   000002c654355c00 000000d51e4ff810
0x000000d51e4ff760:   0000000701e61b68 000000006c488ed5
0x000000d51e4ff770:   0000000701e61b38 000000d51e4ff800
0x000000d51e4ff780:   0000000701e61c00 000000d51e4ff800
0x000000d51e4ff790:   0000000000000048 00007ffd00000001
0x000000d51e4ff7a0:   0000000701e61c00 000000006c475e09
0x000000d51e4ff7b0:   0000000000000000 0000000000000008
0x000000d51e4ff7c0:   0000000701edb000 0000000701e61a00
0x000000d51e4ff7d0:   000002c63095b570 000000006c48a598
0x000000d51e4ff7e0:   0000000000000006 000002c654355c00
0x000000d51e4ff7f0:   000002c64d82130d 0000000000000008
0x000000d51e4ff800:   0000000701e61a00 0000000000000040
0x000000d51e4ff810:   000000006c9552d0 0000000000000000
0x000000d51e4ff820:   000002c630902db0 0000000000000008
0x000000d51e4ff830:   0000000000000001 000002c64d82130d 

Instructions: (pc=0x000000006c47e528)
0x000000006c47e508:   85 d2 74 32 48 8b 57 10 44 8b 47 18 8b 8a 10 03
0x000000006c47e518:   00 00 48 d3 e8 48 8b 8a 00 03 00 00 48 8b 14 c1
0x000000006c47e528:   48 8b 8a 00 01 00 00 48 8b d3 48 81 c1 90 00 00
0x000000006c47e538:   00 e8 b2 70 05 00 48 83 c3 04 48 3b de 72 9b 48 



---------------  P R O C E S S  ---------------

Threads class SMR info:
_java_thread_list=0x000002c6580144b0, length=15, elements={
0x000002c6576d6000, 0x000002c6576e8000, 0x000002c65774e800, 0x000002c65774f000,
0x000002c657752000, 0x000002c657753800, 0x000002c657754800, 0x000002c65776a800,
0x000002c65778f800, 0x000002c657cee800, 0x000002c657ffa000, 0x000002c657fdc800,
0x000002c658015800, 0x000002c65808a000, 0x000002c6308f5800
}

Java Threads: ( => current thread )
  0x000002c6576d6000 JavaThread "Reference Handler" daemon [_thread_blocked, id=5732, stack(0x000000d51ee00000,0x000000d51ef00000)]
  0x000002c6576e8000 JavaThread "Finalizer" daemon [_thread_blocked, id=17160, stack(0x000000d51ef00000,0x000000d51f000000)]
  0x000002c65774e800 JavaThread "Signal Dispatcher" daemon [_thread_blocked, id=17296, stack(0x000000d51f100000,0x000000d51f200000)]
  0x000002c65774f000 JavaThread "Attach Listener" daemon [_thread_blocked, id=15948, stack(0x000000d51f200000,0x000000d51f300000)]
  0x000002c657752000 JavaThread "C2 CompilerThread0" daemon [_thread_blocked, id=14360, stack(0x000000d51f300000,0x000000d51f400000)]
  0x000002c657753800 JavaThread "C2 CompilerThread1" daemon [_thread_blocked, id=17056, stack(0x000000d51f400000,0x000000d51f500000)]
  0x000002c657754800 JavaThread "C2 CompilerThread2" daemon [_thread_in_native, id=14072, stack(0x000000d51f500000,0x000000d51f600000)]
  0x000002c65776a800 JavaThread "C1 CompilerThread3" daemon [_thread_in_native, id=9224, stack(0x000000d51f600000,0x000000d51f700000)]
  0x000002c65778f800 JavaThread "Sweeper thread" daemon [_thread_blocked, id=16948, stack(0x000000d51f700000,0x000000d51f800000)]
  0x000002c657cee800 JavaThread "Common-Cleaner" daemon [_thread_blocked, id=96, stack(0x000000d51f800000,0x000000d51f900000)]
  0x000002c657ffa000 JavaThread "Monitor Ctrl-Break" daemon [_thread_in_native, id=6312, stack(0x000000d51f900000,0x000000d51fa00000)]
  0x000002c657fdc800 JavaThread "Service Thread" daemon [_thread_blocked, id=1480, stack(0x000000d51fa00000,0x000000d51fb00000)]
  0x000002c658015800 JavaThread "server-timer" daemon [_thread_blocked, id=1420, stack(0x000000d51fc00000,0x000000d51fd00000)]
  0x000002c65808a000 JavaThread "HTTP-Dispatcher" [_thread_in_native, id=4020, stack(0x000000d51fd00000,0x000000d51fe00000)]
  0x000002c6308f5800 JavaThread "DestroyJavaVM" [_thread_blocked, id=1408, stack(0x000000d51d800000,0x000000d51d900000)]

Other Threads:
  0x000002c6576d0800 VMThread "VM Thread" [stack: 0x000000d51ed00000,0x000000d51ee00000] [id=17008]
  0x000002c657fe7800 WatcherThread [stack: 0x000000d51fb00000,0x000000d51fc00000] [id=2052]
  0x000002c63090f800 GCTaskThread "GC Thread#0" [stack: 0x000000d51d900000,0x000000d51da00000] [id=9584]
  0x000002c630912000 GCTaskThread "GC Thread#1" [stack: 0x000000d51da00000,0x000000d51db00000] [id=16972]
  0x000002c630913000 GCTaskThread "GC Thread#2" [stack: 0x000000d51db00000,0x000000d51dc00000] [id=15920]
  0x000002c630915800 GCTaskThread "GC Thread#3" [stack: 0x000000d51dc00000,0x000000d51dd00000] [id=5224]
  0x000002c63091b800 GCTaskThread "GC Thread#4" [stack: 0x000000d51dd00000,0x000000d51de00000] [id=13736]
  0x000002c63091c000 GCTaskThread "GC Thread#5" [stack: 0x000000d51de00000,0x000000d51df00000] [id=2740]
  0x000002c63091c800 GCTaskThread "GC Thread#6" [stack: 0x000000d51df00000,0x000000d51e000000] [id=4864]
  0x000002c63091d800 GCTaskThread "GC Thread#7" [stack: 0x000000d51e000000,0x000000d51e100000] [id=5940]
  0x000002c654347800 ConcurrentGCThread "G1 Main Marker" [stack: 0x000000d51e100000,0x000000d51e200000] [id=11988]
  0x000002c63091e000 ConcurrentGCThread "G1 Conc#0" [stack: 0x000000d51e200000,0x000000d51e300000] [id=3572]
  0x000002c630921800 ConcurrentGCThread "G1 Conc#1" [stack: 0x000000d51e300000,0x000000d51e400000] [id=7196]
=>0x000002c654410800 ConcurrentGCThread "G1 Refine#0" [stack: 0x000000d51e400000,0x000000d51e500000] [id=13472]
  0x000002c654411000 ConcurrentGCThread "G1 Refine#1" [stack: 0x000000d51e500000,0x000000d51e600000] [id=16568]
  0x000002c654412000 ConcurrentGCThread "G1 Refine#2" [stack: 0x000000d51e600000,0x000000d51e700000] [id=15368]
  0x000002c654414800 ConcurrentGCThread "G1 Refine#3" [stack: 0x000000d51e700000,0x000000d51e800000] [id=1068]
  0x000002c654415800 ConcurrentGCThread "G1 Refine#4" [stack: 0x000000d51e800000,0x000000d51e900000] [id=10880]
  0x000002c65441a000 ConcurrentGCThread "G1 Refine#5" [stack: 0x000000d51e900000,0x000000d51ea00000] [id=13288]
  0x000002c65441c000 ConcurrentGCThread "G1 Refine#6" [stack: 0x000000d51ea00000,0x000000d51eb00000] [id=12876]
  0x000002c654424800 ConcurrentGCThread "G1 Refine#7" [stack: 0x000000d51eb00000,0x000000d51ec00000] [id=15860]
  0x000002c654427800 ConcurrentGCThread "G1 Young RemSet Sampling" [stack: 0x000000d51ec00000,0x000000d51ed00000] [id=6036]

Threads with active compile tasks:
C2 CompilerThread21377   !   4       jdk.internal.loader.URLClassPath$JarLoader::getResource (65 bytes)
C1 CompilerThread31417       3       jdk.internal.loader.Resource::getByteBuffer (24 bytes)

VM state:not at safepoint (normal execution)

VM Mutex/Monitor currently owned by a thread: None

Heap address: 0x0000000701c00000, size: 3044 MB, Compressed Oops mode: Zero based, Oop shift amount: 3
Narrow klass base: 0x0000000000000000, Narrow klass shift: 3
Compressed class space size: 1073741824 Address: 0x00000007c0000000

Heap:
 garbage-first heap   total 196608K, used 9374K [0x0000000701c00000, 0x00000007c0000000)
  region size 1024K, 5 young (5120K), 2 survivors (2048K)
 Metaspace       used 15770K, capacity 16014K, committed 16384K, reserved 1064960K
  class space    used 1412K, capacity 1508K, committed 1536K, reserved 1048576K
Heap Regions: E=young(eden), S=young(survivor), O=old, HS=humongous(starts), HC=humongous(continues), CS=collection set, F=free, A=archive, TS=gc time stamp, AC=allocation context, TAMS=top-at-mark-start (previous, next)
|   0|0x0000000701c00000, 0x0000000701d00000, 0x0000000701d00000|100%| O|  |TS  2|AC  0|TAMS 0x0000000701c00000, 0x0000000701c00000|
|   1|0x0000000701d00000, 0x0000000701e00000, 0x0000000701e00000|100%| O|  |TS  2|AC  0|TAMS 0x0000000701d00000, 0x0000000701d00000|
|   2|0x0000000701e00000, 0x0000000701edb000, 0x0000000701f00000| 85%| O|  |TS  2|AC  0|TAMS 0x0000000701e00000, 0x0000000701e00000|
|   3|0x0000000701f00000, 0x0000000701f00000, 0x0000000702000000|  0%| F|  |TS  1|AC  0|TAMS 0x0000000701f00000, 0x0000000701f00000|
|   4|0x0000000702000000, 0x0000000702000000, 0x0000000702100000|  0%| F|  |TS  1|AC  0|TAMS 0x0000000702000000, 0x0000000702000000|
|   5|0x0000000702100000, 0x0000000702100000, 0x0000000702200000|  0%| F|  |TS  1|AC  0|TAMS 0x0000000702100000, 0x0000000702100000|
|   6|0x0000000702200000, 0x0000000702200000, 0x0000000702300000|  0%| F|  |TS  1|AC  0|TAMS 0x0000000702200000, 0x0000000702200000|
|   7|0x0000000702300000, 0x0000000702300000, 0x0000000702400000|  0%| F|  |TS  1|AC  0|TAMS 0x0000000702300000, 0x0000000702300000|
|   8|0x0000000702400000, 0x0000000702400000, 0x0000000702500000|  0%| F|  |TS  1|AC  0|TAMS 0x0000000702400000, 0x0000000702400000|
|   9|0x0000000702500000, 0x0000000702600000, 0x0000000702600000|100%| O|  |TS  1|AC  0|TAMS 0x0000000702500000, 0x0000000702500000|
|  10|0x0000000702600000, 0x0000000702700000, 0x0000000702700000|100%| O|  |TS  1|AC  0|TAMS 0x0000000702600000, 0x0000000702600000|
|  11|0x0000000702700000, 0x0000000702800000, 0x0000000702800000|100%| O|  |TS  2|AC  0|TAMS 0x0000000702700000, 0x0000000702700000|
|  12|0x0000000702800000, 0x0000000702800000, 0x0000000702900000|  0%| F|  |TS  0|AC  0|TAMS 0x0000000702800000, 0x0000000702800000|
|  13|0x0000000702900000, 0x0000000702900000, 0x0000000702a00000|  0%| F|  |TS  0|AC  0|TAMS 0x0000000702900000, 0x0000000702900000|
|  14|0x0000000702a00000, 0x0000000702a00000, 0x0000000702b00000|  0%| F|  |TS  0|AC  0|TAMS 0x0000000702a00000, 0x0000000702a00000|
|  15|0x0000000702b00000, 0x0000000702b00000, 0x0000000702c00000|  0%| F|  |TS  0|AC  0|TAMS 0x0000000702b00000, 0x0000000702b00000|
|  16|0x0000000702c00000, 0x0000000702c00000, 0x0000000702d00000|  0%| F|  |TS  0|AC  0|TAMS 0x0000000702c00000, 0x0000000702c00000|
|  17|0x0000000702d00000, 0x0000000702d00000, 0x0000000702e00000|  0%| F|  |TS  0|AC  0|TAMS 0x0000000702d00000, 0x0000000702d00000|
|  18|0x0000000702e00000, 0x0000000702e00000, 0x0000000702f00000|  0%| F|  |TS  0|AC  0|TAMS 0x0000000702e00000, 0x0000000702e00000|
|  19|0x0000000702f00000, 0x0000000702f00000, 0x0000000703000000|  0%| F|  |TS  0|AC  0|TAMS 0x0000000702f00000, 0x0000000702f00000|
|  20|0x0000000703000000, 0x0000000703000000, 0x0000000703100000|  0%| F|  |TS  0|AC  0|TAMS 0x0000000703000000, 0x0000000703000000|
|  21|0x0000000703100000, 0x0000000703100000, 0x0000000703200000|  0%| F|  |TS  0|AC  0|TAMS 0x0000000703100000, 0x0000000703100000|
|  22|0x0000000703200000, 0x0000000703200000, 0x0000000703300000|  0%| F|  |TS  0|AC  0|TAMS 0x0000000703200000, 0x0000000703200000|
|  23|0x0000000703300000, 0x0000000703300000, 0x0000000703400000|  0%| F|  |TS  0|AC  0|TAMS 0x0000000703300000, 0x0000000703300000|
|  24|0x0000000703400000, 0x0000000703400000, 0x0000000703500000|  0%| F|  |TS  0|AC  0|TAMS 0x0000000703400000, 0x0000000703400000|
|  25|0x0000000703500000, 0x0000000703500000, 0x0000000703600000|  0%| F|  |TS  0|AC  0|TAMS 0x0000000703500000, 0x0000000703500000|
|  26|0x0000000703600000, 0x0000000703600000, 0x0000000703700000|  0%| F|  |TS  0|AC  0|TAMS 0x0000000703600000, 0x0000000703600000|
|  27|0x0000000703700000, 0x0000000703700000, 0x0000000703800000|  0%| F|  |TS  0|AC  0|TAMS 0x0000000703700000, 0x0000000703700000|
|  28|0x0000000703800000, 0x0000000703800000, 0x0000000703900000|  0%| F|  |TS  0|AC  0|TAMS 0x0000000703800000, 0x0000000703800000|
|  29|0x0000000703900000, 0x0000000703900000, 0x0000000703a00000|  0%| F|  |TS  0|AC  0|TAMS 0x0000000703900000, 0x0000000703900000|
|  30|0x0000000703a00000, 0x0000000703a00000, 0x0000000703b00000|  0%| F|  |TS  0|AC  0|TAMS 0x0000000703a00000, 0x0000000703a00000|
|  31|0x0000000703b00000, 0x0000000703b00000, 0x0000000703c00000|  0%| F|  |TS  0|AC  0|TAMS 0x0000000703b00000, 0x0000000703b00000|
|  32|0x0000000703c00000, 0x0000000703c00000, 0x0000000703d00000|  0%| F|  |TS  0|AC  0|TAMS 0x0000000703c00000, 0x0000000703c00000|
|  33|0x0000000703d00000, 0x0000000703d00000, 0x0000000703e00000|  0%| F|  |TS  0|AC  0|TAMS 0x0000000703d00000, 0x0000000703d00000|
|  34|0x0000000703e00000, 0x0000000703e00000, 0x0000000703f00000|  0%| F|  |TS  0|AC  0|TAMS 0x0000000703e00000, 0x0000000703e00000|
|  35|0x0000000703f00000, 0x0000000703f00000, 0x0000000704000000|  0%| F|  |TS  0|AC  0|TAMS 0x0000000703f00000, 0x0000000703f00000|
|  36|0x0000000704000000, 0x0000000704000000, 0x0000000704100000|  0%| F|  |TS  0|AC  0|TAMS 0x0000000704000000, 0x0000000704000000|
|  37|0x0000000704100000, 0x0000000704100000, 0x0000000704200000|  0%| F|  |TS  0|AC  0|TAMS 0x0000000704100000, 0x0000000704100000|
|  38|0x0000000704200000, 0x0000000704200000, 0x0000000704300000|  0%| F|  |TS  0|AC  0|TAMS 0x0000000704200000, 0x0000000704200000|
|  39|0x0000000704300000, 0x0000000704300000, 0x0000000704400000|  0%| F|  |TS  0|AC  0|TAMS 0x0000000704300000, 0x0000000704300000|
|  40|0x0000000704400000, 0x0000000704400000, 0x0000000704500000|  0%| F|  |TS  0|AC  0|TAMS 0x0000000704400000, 0x0000000704400000|
|  41|0x0000000704500000, 0x0000000704500000, 0x0000000704600000|  0%| F|  |TS  0|AC  0|TAMS 0x0000000704500000, 0x0000000704500000|
|  42|0x0000000704600000, 0x0000000704600000, 0x0000000704700000|  0%| F|  |TS  0|AC  0|TAMS 0x0000000704600000, 0x0000000704600000|
|  43|0x0000000704700000, 0x0000000704700000, 0x0000000704800000|  0%| F|  |TS  0|AC  0|TAMS 0x0000000704700000, 0x0000000704700000|
|  44|0x0000000704800000, 0x0000000704800000, 0x0000000704900000|  0%| F|  |TS  0|AC  0|TAMS 0x0000000704800000, 0x0000000704800000|
|  45|0x0000000704900000, 0x0000000704900000, 0x0000000704a00000|  0%| F|  |TS  0|AC  0|TAMS 0x0000000704900000, 0x0000000704900000|
|  46|0x0000000704a00000, 0x0000000704a00000, 0x0000000704b00000|  0%| F|  |TS  0|AC  0|TAMS 0x0000000704a00000, 0x0000000704a00000|
|  47|0x0000000704b00000, 0x0000000704b00000, 0x0000000704c00000|  0%| F|  |TS  0|AC  0|TAMS 0x0000000704b00000, 0x0000000704b00000|
|  48|0x0000000704c00000, 0x0000000704c00000, 0x0000000704d00000|  0%| F|  |TS  0|AC  0|TAMS 0x0000000704c00000, 0x0000000704c00000|
|  49|0x0000000704d00000, 0x0000000704d00000, 0x0000000704e00000|  0%| F|  |TS  0|AC  0|TAMS 0x0000000704d00000, 0x0000000704d00000|
|  50|0x0000000704e00000, 0x0000000704e00000, 0x0000000704f00000|  0%| F|  |TS  0|AC  0|TAMS 0x0000000704e00000, 0x0000000704e00000|
|  51|0x0000000704f00000, 0x0000000704f00000, 0x0000000705000000|  0%| F|  |TS  0|AC  0|TAMS 0x0000000704f00000, 0x0000000704f00000|
|  52|0x0000000705000000, 0x0000000705000000, 0x0000000705100000|  0%| F|  |TS  0|AC  0|TAMS 0x0000000705000000, 0x0000000705000000|
|  53|0x0000000705100000, 0x0000000705100000, 0x0000000705200000|  0%| F|  |TS  0|AC  0|TAMS 0x0000000705100000, 0x0000000705100000|
|  54|0x0000000705200000, 0x0000000705200000, 0x0000000705300000|  0%| F|  |TS  0|AC  0|TAMS 0x0000000705200000, 0x0000000705200000|
|  55|0x0000000705300000, 0x0000000705300000, 0x0000000705400000|  0%| F|  |TS  0|AC  0|TAMS 0x0000000705300000, 0x0000000705300000|
|  56|0x0000000705400000, 0x0000000705400000, 0x0000000705500000|  0%| F|  |TS  0|AC  0|TAMS 0x0000000705400000, 0x0000000705400000|
|  57|0x0000000705500000, 0x0000000705500000, 0x0000000705600000|  0%| F|  |TS  0|AC  0|TAMS 0x0000000705500000, 0x0000000705500000|
|  58|0x0000000705600000, 0x0000000705600000, 0x0000000705700000|  0%| F|  |TS  0|AC  0|TAMS 0x0000000705600000, 0x0000000705600000|
|  59|0x0000000705700000, 0x0000000705700000, 0x0000000705800000|  0%| F|  |TS  0|AC  0|TAMS 0x0000000705700000, 0x0000000705700000|
|  60|0x0000000705800000, 0x0000000705800000, 0x0000000705900000|  0%| F|  |TS  0|AC  0|TAMS 0x0000000705800000, 0x0000000705800000|
|  61|0x0000000705900000, 0x0000000705900000, 0x0000000705a00000|  0%| F|  |TS  0|AC  0|TAMS 0x0000000705900000, 0x0000000705900000|
|  62|0x0000000705a00000, 0x0000000705a00000, 0x0000000705b00000|  0%| F|  |TS  0|AC  0|TAMS 0x0000000705a00000, 0x0000000705a00000|
|  63|0x0000000705b00000, 0x0000000705b00000, 0x0000000705c00000|  0%| F|  |TS  0|AC  0|TAMS 0x0000000705b00000, 0x0000000705b00000|
|  64|0x0000000705c00000, 0x0000000705c00000, 0x0000000705d00000|  0%| F|  |TS  0|AC  0|TAMS 0x0000000705c00000, 0x0000000705c00000|
|  65|0x0000000705d00000, 0x0000000705d00000, 0x0000000705e00000|  0%| F|  |TS  0|AC  0|TAMS 0x0000000705d00000, 0x0000000705d00000|
|  66|0x0000000705e00000, 0x0000000705e00000, 0x0000000705f00000|  0%| F|  |TS  0|AC  0|TAMS 0x0000000705e00000, 0x0000000705e00000|
|  67|0x0000000705f00000, 0x0000000705f00000, 0x0000000706000000|  0%| F|  |TS  0|AC  0|TAMS 0x0000000705f00000, 0x0000000705f00000|
|  68|0x0000000706000000, 0x0000000706000000, 0x0000000706100000|  0%| F|  |TS  0|AC  0|TAMS 0x0000000706000000, 0x0000000706000000|
|  69|0x0000000706100000, 0x0000000706100000, 0x0000000706200000|  0%| F|  |TS  0|AC  0|TAMS 0x0000000706100000, 0x0000000706100000|
|  70|0x0000000706200000, 0x0000000706200000, 0x0000000706300000|  0%| F|  |TS  0|AC  0|TAMS 0x0000000706200000, 0x0000000706200000|
|  71|0x0000000706300000, 0x0000000706300000, 0x0000000706400000|  0%| F|  |TS  0|AC  0|TAMS 0x0000000706300000, 0x0000000706300000|
|  72|0x0000000706400000, 0x0000000706400000, 0x0000000706500000|  0%| F|  |TS  0|AC  0|TAMS 0x0000000706400000, 0x0000000706400000|
|  73|0x0000000706500000, 0x0000000706500000, 0x0000000706600000|  0%| F|  |TS  0|AC  0|TAMS 0x0000000706500000, 0x0000000706500000|
|  74|0x0000000706600000, 0x0000000706600000, 0x0000000706700000|  0%| F|  |TS  0|AC  0|TAMS 0x0000000706600000, 0x0000000706600000|
|  75|0x0000000706700000, 0x0000000706700000, 0x0000000706800000|  0%| F|  |TS  0|AC  0|TAMS 0x0000000706700000, 0x0000000706700000|
|  76|0x0000000706800000, 0x0000000706800000, 0x0000000706900000|  0%| F|  |TS  0|AC  0|TAMS 0x0000000706800000, 0x0000000706800000|
|  77|0x0000000706900000, 0x0000000706900000, 0x0000000706a00000|  0%| F|  |TS  0|AC  0|TAMS 0x0000000706900000, 0x0000000706900000|
|  78|0x0000000706a00000, 0x0000000706a00000, 0x0000000706b00000|  0%| F|  |TS  0|AC  0|TAMS 0x0000000706a00000, 0x0000000706a00000|
|  79|0x0000000706b00000, 0x0000000706b00000, 0x0000000706c00000|  0%| F|  |TS  0|AC  0|TAMS 0x0000000706b00000, 0x0000000706b00000|
|  80|0x0000000706c00000, 0x0000000706c00000, 0x0000000706d00000|  0%| F|  |TS  0|AC  0|TAMS 0x0000000706c00000, 0x0000000706c00000|
|  81|0x0000000706d00000, 0x0000000706d00000, 0x0000000706e00000|  0%| F|  |TS  0|AC  0|TAMS 0x0000000706d00000, 0x0000000706d00000|
|  82|0x0000000706e00000, 0x0000000706e00000, 0x0000000706f00000|  0%| F|  |TS  0|AC  0|TAMS 0x0000000706e00000, 0x0000000706e00000|
|  83|0x0000000706f00000, 0x0000000706f00000, 0x0000000707000000|  0%| F|  |TS  0|AC  0|TAMS 0x0000000706f00000, 0x0000000706f00000|
|  84|0x0000000707000000, 0x0000000707000000, 0x0000000707100000|  0%| F|  |TS  0|AC  0|TAMS 0x0000000707000000, 0x0000000707000000|
|  85|0x0000000707100000, 0x0000000707100000, 0x0000000707200000|  0%| F|  |TS  0|AC  0|TAMS 0x0000000707100000, 0x0000000707100000|
|  86|0x0000000707200000, 0x0000000707200000, 0x0000000707300000|  0%| F|  |TS  0|AC  0|TAMS 0x0000000707200000, 0x0000000707200000|
|  87|0x0000000707300000, 0x0000000707300000, 0x0000000707400000|  0%| F|  |TS  0|AC  0|TAMS 0x0000000707300000, 0x0000000707300000|
|  88|0x0000000707400000, 0x0000000707400000, 0x0000000707500000|  0%| F|  |TS  0|AC  0|TAMS 0x0000000707400000, 0x0000000707400000|
|  89|0x0000000707500000, 0x0000000707500000, 0x0000000707600000|  0%| F|  |TS  0|AC  0|TAMS 0x0000000707500000, 0x0000000707500000|
|  90|0x0000000707600000, 0x0000000707600000, 0x0000000707700000|  0%| F|  |TS  0|AC  0|TAMS 0x0000000707600000, 0x0000000707600000|
|  91|0x0000000707700000, 0x0000000707700000, 0x0000000707800000|  0%| F|  |TS  0|AC  0|TAMS 0x0000000707700000, 0x0000000707700000|
|  92|0x0000000707800000, 0x0000000707800000, 0x0000000707900000|  0%| F|  |TS  0|AC  0|TAMS 0x0000000707800000, 0x0000000707800000|
|  93|0x0000000707900000, 0x0000000707900000, 0x0000000707a00000|  0%| F|  |TS  0|AC  0|TAMS 0x0000000707900000, 0x0000000707900000|
|  94|0x0000000707a00000, 0x0000000707a00000, 0x0000000707b00000|  0%| F|  |TS  0|AC  0|TAMS 0x0000000707a00000, 0x0000000707a00000|
|  95|0x0000000707b00000, 0x0000000707b00000, 0x0000000707c00000|  0%| F|  |TS  0|AC  0|TAMS 0x0000000707b00000, 0x0000000707b00000|
|  96|0x0000000707c00000, 0x0000000707c00000, 0x0000000707d00000|  0%| F|  |TS  0|AC  0|TAMS 0x0000000707c00000, 0x0000000707c00000|
|  97|0x0000000707d00000, 0x0000000707d00000, 0x0000000707e00000|  0%| F|  |TS  0|AC  0|TAMS 0x0000000707d00000, 0x0000000707d00000|
|  98|0x0000000707e00000, 0x0000000707e00000, 0x0000000707f00000|  0%| F|  |TS  0|AC  0|TAMS 0x0000000707e00000, 0x0000000707e00000|
|  99|0x0000000707f00000, 0x0000000707f00000, 0x0000000708000000|  0%| F|  |TS  0|AC  0|TAMS 0x0000000707f00000, 0x0000000707f00000|
| 100|0x0000000708000000, 0x0000000708000000, 0x0000000708100000|  0%| F|  |TS  0|AC  0|TAMS 0x0000000708000000, 0x0000000708000000|
| 101|0x0000000708100000, 0x0000000708100000, 0x0000000708200000|  0%| F|  |TS  0|AC  0|TAMS 0x0000000708100000, 0x0000000708100000|
| 102|0x0000000708200000, 0x0000000708200000, 0x0000000708300000|  0%| F|  |TS  0|AC  0|TAMS 0x0000000708200000, 0x0000000708200000|
| 103|0x0000000708300000, 0x0000000708300000, 0x0000000708400000|  0%| F|  |TS  0|AC  0|TAMS 0x0000000708300000, 0x0000000708300000|
| 104|0x0000000708400000, 0x0000000708400000, 0x0000000708500000|  0%| F|  |TS  0|AC  0|TAMS 0x0000000708400000, 0x0000000708400000|
| 105|0x0000000708500000, 0x0000000708500000, 0x0000000708600000|  0%| F|  |TS  0|AC  0|TAMS 0x0000000708500000, 0x0000000708500000|
| 106|0x0000000708600000, 0x0000000708600000, 0x0000000708700000|  0%| F|  |TS  0|AC  0|TAMS 0x0000000708600000, 0x0000000708600000|
| 107|0x0000000708700000, 0x0000000708700000, 0x0000000708800000|  0%| F|  |TS  0|AC  0|TAMS 0x0000000708700000, 0x0000000708700000|
| 108|0x0000000708800000, 0x0000000708800000, 0x0000000708900000|  0%| F|  |TS  0|AC  0|TAMS 0x0000000708800000, 0x0000000708800000|
| 109|0x0000000708900000, 0x0000000708900000, 0x0000000708a00000|  0%| F|  |TS  0|AC  0|TAMS 0x0000000708900000, 0x0000000708900000|
| 110|0x0000000708a00000, 0x0000000708a00000, 0x0000000708b00000|  0%| F|  |TS  0|AC  0|TAMS 0x0000000708a00000, 0x0000000708a00000|
| 111|0x0000000708b00000, 0x0000000708b00000, 0x0000000708c00000|  0%| F|  |TS  0|AC  0|TAMS 0x0000000708b00000, 0x0000000708b00000|
| 112|0x0000000708c00000, 0x0000000708c00000, 0x0000000708d00000|  0%| F|  |TS  0|AC  0|TAMS 0x0000000708c00000, 0x0000000708c00000|
| 113|0x0000000708d00000, 0x0000000708d00000, 0x0000000708e00000|  0%| F|  |TS  0|AC  0|TAMS 0x0000000708d00000, 0x0000000708d00000|
| 114|0x0000000708e00000, 0x0000000708e00000, 0x0000000708f00000|  0%| F|  |TS  0|AC  0|TAMS 0x0000000708e00000, 0x0000000708e00000|
| 115|0x0000000708f00000, 0x0000000708f00000, 0x0000000709000000|  0%| F|  |TS  0|AC  0|TAMS 0x0000000708f00000, 0x0000000708f00000|
| 116|0x0000000709000000, 0x0000000709000000, 0x0000000709100000|  0%| F|  |TS  0|AC  0|TAMS 0x0000000709000000, 0x0000000709000000|
| 117|0x0000000709100000, 0x0000000709100000, 0x0000000709200000|  0%| F|  |TS  0|AC  0|TAMS 0x0000000709100000, 0x0000000709100000|
| 118|0x0000000709200000, 0x0000000709200000, 0x0000000709300000|  0%| F|  |TS  0|AC  0|TAMS 0x0000000709200000, 0x0000000709200000|
| 119|0x0000000709300000, 0x0000000709300000, 0x0000000709400000|  0%| F|  |TS  0|AC  0|TAMS 0x0000000709300000, 0x0000000709300000|
| 120|0x0000000709400000, 0x0000000709400000, 0x0000000709500000|  0%| F|  |TS  0|AC  0|TAMS 0x0000000709400000, 0x0000000709400000|
| 121|0x0000000709500000, 0x0000000709500000, 0x0000000709600000|  0%| F|  |TS  0|AC  0|TAMS 0x0000000709500000, 0x0000000709500000|
| 122|0x0000000709600000, 0x0000000709600000, 0x0000000709700000|  0%| F|  |TS  0|AC  0|TAMS 0x0000000709600000, 0x0000000709600000|
| 123|0x0000000709700000, 0x0000000709700000, 0x0000000709800000|  0%| F|  |TS  0|AC  0|TAMS 0x0000000709700000, 0x0000000709700000|
| 124|0x0000000709800000, 0x0000000709800000, 0x0000000709900000|  0%| F|  |TS  0|AC  0|TAMS 0x0000000709800000, 0x0000000709800000|
| 125|0x0000000709900000, 0x0000000709900000, 0x0000000709a00000|  0%| F|  |TS  0|AC  0|TAMS 0x0000000709900000, 0x0000000709900000|
| 126|0x0000000709a00000, 0x0000000709a00000, 0x0000000709b00000|  0%| F|  |TS  0|AC  0|TAMS 0x0000000709a00000, 0x0000000709a00000|
| 127|0x0000000709b00000, 0x0000000709b00000, 0x0000000709c00000|  0%| F|  |TS  0|AC  0|TAMS 0x0000000709b00000, 0x0000000709b00000|
| 128|0x0000000709c00000, 0x0000000709c00000, 0x0000000709d00000|  0%| F|  |TS  0|AC  0|TAMS 0x0000000709c00000, 0x0000000709c00000|
| 129|0x0000000709d00000, 0x0000000709d00000, 0x0000000709e00000|  0%| F|  |TS  0|AC  0|TAMS 0x0000000709d00000, 0x0000000709d00000|
| 130|0x0000000709e00000, 0x0000000709e00000, 0x0000000709f00000|  0%| F|  |TS  0|AC  0|TAMS 0x0000000709e00000, 0x0000000709e00000|
| 131|0x0000000709f00000, 0x0000000709f00000, 0x000000070a000000|  0%| F|  |TS  0|AC  0|TAMS 0x0000000709f00000, 0x0000000709f00000|
| 132|0x000000070a000000, 0x000000070a000000, 0x000000070a100000|  0%| F|  |TS  0|AC  0|TAMS 0x000000070a000000, 0x000000070a000000|
| 133|0x000000070a100000, 0x000000070a100000, 0x000000070a200000|  0%| F|  |TS  0|AC  0|TAMS 0x000000070a100000, 0x000000070a100000|
| 134|0x000000070a200000, 0x000000070a200000, 0x000000070a300000|  0%| F|  |TS  0|AC  0|TAMS 0x000000070a200000, 0x000000070a200000|
| 135|0x000000070a300000, 0x000000070a300000, 0x000000070a400000|  0%| F|  |TS  0|AC  0|TAMS 0x000000070a300000, 0x000000070a300000|
| 136|0x000000070a400000, 0x000000070a400000, 0x000000070a500000|  0%| F|  |TS  0|AC  0|TAMS 0x000000070a400000, 0x000000070a400000|
| 137|0x000000070a500000, 0x000000070a500000, 0x000000070a600000|  0%| F|  |TS  0|AC  0|TAMS 0x000000070a500000, 0x000000070a500000|
| 138|0x000000070a600000, 0x000000070a600000, 0x000000070a700000|  0%| F|  |TS  0|AC  0|TAMS 0x000000070a600000, 0x000000070a600000|
| 139|0x000000070a700000, 0x000000070a700000, 0x000000070a800000|  0%| F|  |TS  0|AC  0|TAMS 0x000000070a700000, 0x000000070a700000|
| 140|0x000000070a800000, 0x000000070a800000, 0x000000070a900000|  0%| F|  |TS  0|AC  0|TAMS 0x000000070a800000, 0x000000070a800000|
| 141|0x000000070a900000, 0x000000070a900000, 0x000000070aa00000|  0%| F|  |TS  0|AC  0|TAMS 0x000000070a900000, 0x000000070a900000|
| 142|0x000000070aa00000, 0x000000070aa00000, 0x000000070ab00000|  0%| F|  |TS  0|AC  0|TAMS 0x000000070aa00000, 0x000000070aa00000|
| 143|0x000000070ab00000, 0x000000070ab00000, 0x000000070ac00000|  0%| F|  |TS  0|AC  0|TAMS 0x000000070ab00000, 0x000000070ab00000|
| 144|0x000000070ac00000, 0x000000070ac00000, 0x000000070ad00000|  0%| F|  |TS  0|AC  0|TAMS 0x000000070ac00000, 0x000000070ac00000|
| 145|0x000000070ad00000, 0x000000070ad00000, 0x000000070ae00000|  0%| F|  |TS  0|AC  0|TAMS 0x000000070ad00000, 0x000000070ad00000|
| 146|0x000000070ae00000, 0x000000070ae00000, 0x000000070af00000|  0%| F|  |TS  0|AC  0|TAMS 0x000000070ae00000, 0x000000070ae00000|
| 147|0x000000070af00000, 0x000000070af00000, 0x000000070b000000|  0%| F|  |TS  0|AC  0|TAMS 0x000000070af00000, 0x000000070af00000|
| 148|0x000000070b000000, 0x000000070b000000, 0x000000070b100000|  0%| F|  |TS  0|AC  0|TAMS 0x000000070b000000, 0x000000070b000000|
| 149|0x000000070b100000, 0x000000070b100000, 0x000000070b200000|  0%| F|  |TS  0|AC  0|TAMS 0x000000070b100000, 0x000000070b100000|
| 150|0x000000070b200000, 0x000000070b200000, 0x000000070b300000|  0%| F|  |TS  0|AC  0|TAMS 0x000000070b200000, 0x000000070b200000|
| 151|0x000000070b300000, 0x000000070b300000, 0x000000070b400000|  0%| F|  |TS  0|AC  0|TAMS 0x000000070b300000, 0x000000070b300000|
| 152|0x000000070b400000, 0x000000070b400000, 0x000000070b500000|  0%| F|  |TS  0|AC  0|TAMS 0x000000070b400000, 0x000000070b400000|
| 153|0x000000070b500000, 0x000000070b500000, 0x000000070b600000|  0%| F|  |TS  0|AC  0|TAMS 0x000000070b500000, 0x000000070b500000|
| 154|0x000000070b600000, 0x000000070b600000, 0x000000070b700000|  0%| F|  |TS  0|AC  0|TAMS 0x000000070b600000, 0x000000070b600000|
| 155|0x000000070b700000, 0x000000070b700000, 0x000000070b800000|  0%| F|  |TS  0|AC  0|TAMS 0x000000070b700000, 0x000000070b700000|
| 156|0x000000070b800000, 0x000000070b800000, 0x000000070b900000|  0%| F|  |TS  0|AC  0|TAMS 0x000000070b800000, 0x000000070b800000|
| 157|0x000000070b900000, 0x000000070b900000, 0x000000070ba00000|  0%| F|  |TS  0|AC  0|TAMS 0x000000070b900000, 0x000000070b900000|
| 158|0x000000070ba00000, 0x000000070ba00000, 0x000000070bb00000|  0%| F|  |TS  0|AC  0|TAMS 0x000000070ba00000, 0x000000070ba00000|
| 159|0x000000070bb00000, 0x000000070bb00000, 0x000000070bc00000|  0%| F|  |TS  0|AC  0|TAMS 0x000000070bb00000, 0x000000070bb00000|
| 160|0x000000070bc00000, 0x000000070bc00000, 0x000000070bd00000|  0%| F|  |TS  0|AC  0|TAMS 0x000000070bc00000, 0x000000070bc00000|
| 161|0x000000070bd00000, 0x000000070bd00000, 0x000000070be00000|  0%| F|  |TS  0|AC  0|TAMS 0x000000070bd00000, 0x000000070bd00000|
| 162|0x000000070be00000, 0x000000070be00000, 0x000000070bf00000|  0%| F|  |TS  0|AC  0|TAMS 0x000000070be00000, 0x000000070be00000|
| 163|0x000000070bf00000, 0x000000070bf00000, 0x000000070c000000|  0%| F|  |TS  0|AC  0|TAMS 0x000000070bf00000, 0x000000070bf00000|
| 164|0x000000070c000000, 0x000000070c000000, 0x000000070c100000|  0%| F|  |TS  0|AC  0|TAMS 0x000000070c000000, 0x000000070c000000|
| 165|0x000000070c100000, 0x000000070c100000, 0x000000070c200000|  0%| F|  |TS  2|AC  0|TAMS 0x000000070c100000, 0x000000070c100000|
| 166|0x000000070c200000, 0x000000070c200000, 0x000000070c300000|  0%| F|  |TS  2|AC  0|TAMS 0x000000070c200000, 0x000000070c200000|
| 167|0x000000070c300000, 0x000000070c300000, 0x000000070c400000|  0%| F|  |TS  2|AC  0|TAMS 0x000000070c300000, 0x000000070c300000|
| 168|0x000000070c400000, 0x000000070c400000, 0x000000070c500000|  0%| F|  |TS  1|AC  0|TAMS 0x000000070c400000, 0x000000070c400000|
| 169|0x000000070c500000, 0x000000070c500000, 0x000000070c600000|  0%| F|  |TS  1|AC  0|TAMS 0x000000070c500000, 0x000000070c500000|
| 170|0x000000070c600000, 0x000000070c600000, 0x000000070c700000|  0%| F|  |TS  1|AC  0|TAMS 0x000000070c600000, 0x000000070c600000|
| 171|0x000000070c700000, 0x000000070c700000, 0x000000070c800000|  0%| F|  |TS  1|AC  0|TAMS 0x000000070c700000, 0x000000070c700000|
| 172|0x000000070c800000, 0x000000070c800000, 0x000000070c900000|  0%| F|  |TS  1|AC  0|TAMS 0x000000070c800000, 0x000000070c800000|
| 173|0x000000070c900000, 0x000000070c900000, 0x000000070ca00000|  0%| F|  |TS  1|AC  0|TAMS 0x000000070c900000, 0x000000070c900000|
| 174|0x000000070ca00000, 0x000000070ca00000, 0x000000070cb00000|  0%| F|  |TS  1|AC  0|TAMS 0x000000070ca00000, 0x000000070ca00000|
| 175|0x000000070cb00000, 0x000000070cb4ca40, 0x000000070cc00000| 29%| S|CS|TS  2|AC  0|TAMS 0x000000070cb00000, 0x000000070cb00000|
| 176|0x000000070cc00000, 0x000000070cd00000, 0x000000070cd00000|100%| S|CS|TS  2|AC  0|TAMS 0x000000070cc00000, 0x000000070cc00000|
| 177|0x000000070cd00000, 0x000000070cd00000, 0x000000070ce00000|  0%| F|  |TS  2|AC  0|TAMS 0x000000070cd00000, 0x000000070cd00000|
| 178|0x000000070ce00000, 0x000000070ce00000, 0x000000070cf00000|  0%| F|  |TS  2|AC  0|TAMS 0x000000070ce00000, 0x000000070ce00000|
| 179|0x000000070cf00000, 0x000000070cf00000, 0x000000070d000000|  0%| F|  |TS  2|AC  0|TAMS 0x000000070cf00000, 0x000000070cf00000|
| 180|0x000000070d000000, 0x000000070d000000, 0x000000070d100000|  0%| F|  |TS  2|AC  0|TAMS 0x000000070d000000, 0x000000070d000000|
| 181|0x000000070d100000, 0x000000070d100000, 0x000000070d200000|  0%| F|  |TS  2|AC  0|TAMS 0x000000070d100000, 0x000000070d100000|
| 182|0x000000070d200000, 0x000000070d200000, 0x000000070d300000|  0%| F|  |TS  2|AC  0|TAMS 0x000000070d200000, 0x000000070d200000|
| 183|0x000000070d300000, 0x000000070d300000, 0x000000070d400000|  0%| F|  |TS  2|AC  0|TAMS 0x000000070d300000, 0x000000070d300000|
| 184|0x000000070d400000, 0x000000070d400000, 0x000000070d500000|  0%| F|  |TS  2|AC  0|TAMS 0x000000070d400000, 0x000000070d400000|
| 185|0x000000070d500000, 0x000000070d500000, 0x000000070d600000|  0%| F|  |TS  2|AC  0|TAMS 0x000000070d500000, 0x000000070d500000|
| 186|0x000000070d600000, 0x000000070d600000, 0x000000070d700000|  0%| F|  |TS  2|AC  0|TAMS 0x000000070d600000, 0x000000070d600000|
| 187|0x000000070d700000, 0x000000070d700000, 0x000000070d800000|  0%| F|  |TS  2|AC  0|TAMS 0x000000070d700000, 0x000000070d700000|
| 188|0x000000070d800000, 0x000000070d882b28, 0x000000070d900000| 51%| E|  |TS  2|AC  0|TAMS 0x000000070d800000, 0x000000070d800000|
| 189|0x000000070d900000, 0x000000070da00000, 0x000000070da00000|100%| E|CS|TS  2|AC  0|TAMS 0x000000070d900000, 0x000000070d900000|
| 190|0x000000070da00000, 0x000000070db00000, 0x000000070db00000|100%| E|CS|TS  2|AC  0|TAMS 0x000000070da00000, 0x000000070da00000|
| 191|0x000000070db00000, 0x000000070dc00000, 0x000000070dc00000|100%| E|CS|TS  2|AC  0|TAMS 0x000000070db00000, 0x000000070db00000|

Card table byte_map: [0x000002c64d820000,0x000002c64de20000] byte_map_base: 0x000002c64a012000

Marking Bits (Prev, Next): (CMBitMap*) 0x000002c654346c80, (CMBitMap*) 0x000002c654346cb8
 Prev Bits: [0x000002c64e420000, 0x000002c6513b0000)
 Next Bits: [0x000002c6513b0000, 0x000002c654340000)

Polling page: 0x000002c62e5e0000

CodeHeap 'non-profiled nmethods': size=120000Kb used=568Kb max_used=568Kb free=119431Kb
 bounds [0x000002c645280000, 0x000002c6454f0000, 0x000002c64c7b0000]
CodeHeap 'profiled nmethods': size=120000Kb used=2658Kb max_used=2658Kb free=117341Kb
 bounds [0x000002c63dd50000, 0x000002c63dff0000, 0x000002c645280000]
CodeHeap 'non-nmethods': size=5760Kb used=1098Kb max_used=1123Kb free=4661Kb
 bounds [0x000002c63d7b0000, 0x000002c63da20000, 0x000002c63dd50000]
 total_blobs=2203 nmethods=1423 adapters=323
 compilation: enabled

Compilation events (10 events):
Event: 1683.734 Thread 0x000002c65776a800 1370       3       java.util.LinkedHashMap$LinkedHashIterator::<init> (31 bytes)
Event: 1683.734 Thread 0x000002c65776a800 nmethod 1370 0x000002c63dfc9090 code [0x000002c63dfc9260, 0x000002c63dfc9538]
Event: 1683.734 Thread 0x000002c657753800 1379       4       java.lang.AbstractStringBuilder::<init> (39 bytes)
Event: 1683.735 Thread 0x000002c65776a800 1380       3       java.lang.reflect.Constructor::copy (72 bytes)
Event: 1683.735 Thread 0x000002c65776a800 nmethod 1380 0x000002c63dfc9610 code [0x000002c63dfc9800, 0x000002c63dfc9c40]
Event: 1683.735 Thread 0x000002c65776a800 1381       3       java.util.zip.ZipEntry::<init> (74 bytes)
Event: 1683.736 Thread 0x000002c65776a800 nmethod 1381 0x000002c63dfc9d90 code [0x000002c63dfc9fa0, 0x000002c63dfca580]
Event: 1683.736 Thread 0x000002c657753800 nmethod 1379 0x000002c645305d90 code [0x000002c645305f20, 0x000002c645306138]
Event: 1683.737 Thread 0x000002c65776a800 1382       3       sun.security.provider.DigestBase::engineUpdate (189 bytes)
Event: 1683.738 Thread 0x000002c65776a800 nmethod 1382 0x000002c63dfca790 code [0x000002c63dfca9e0, 0x000002c63dfcb4b0]

GC Heap History (4 events):
Event: 1683.565 GC heap before
{Heap before GC invocations=0 (full 0):
 garbage-first heap   total 196608K, used 33792K [0x0000000701c00000, 0x00000007c0000000)
  region size 1024K, 24 young (24576K), 0 survivors (0K)
 Metaspace       used 12817K, capacity 13000K, committed 13312K, reserved 1060864K
  class space    used 1178K, capacity 1251K, committed 1280K, reserved 1048576K
}
Event: 1683.569 GC heap after
{Heap after GC invocations=1 (full 0):
 garbage-first heap   total 196608K, used 6048K [0x0000000701c00000, 0x00000007c0000000)
  region size 1024K, 3 young (3072K), 3 survivors (3072K)
 Metaspace       used 12817K, capacity 13000K, committed 13312K, reserved 1060864K
  class space    used 1178K, capacity 1251K, committed 1280K, reserved 1048576K
}
Event: 1683.729 GC heap before
{Heap before GC invocations=1 (full 0):
 garbage-first heap   total 196608K, used 21408K [0x0000000701c00000, 0x00000007c0000000)
  region size 1024K, 18 young (18432K), 3 survivors (3072K)
 Metaspace       used 15178K, capacity 15374K, committed 15616K, reserved 1062912K
  class space    used 1343K, capacity 1444K, committed 1536K, reserved 1048576K
}
Event: 1683.733 GC heap after
{Heap after GC invocations=2 (full 0):
 garbage-first heap   total 196608K, used 7326K [0x0000000701c00000, 0x00000007c0000000)
  region size 1024K, 2 young (2048K), 2 survivors (2048K)
 Metaspace       used 15178K, capacity 15374K, committed 15616K, reserved 1062912K
  class space    used 1343K, capacity 1444K, committed 1536K, reserved 1048576K
}

Deoptimization events (10 events):
Event: 18.658 Thread 0x000002c65808a000 Uncommon trap: reason=unstable_if action=reinterpret pc=0x000002c6452876b0 method=java.lang.String.equals(Ljava/lang/Object;)Z @ 27 c2
Event: 1683.444 Thread 0x000002c65808a000 Uncommon trap: reason=bimorphic_or_optimized_type_check action=maybe_recompile pc=0x000002c6452c3784 method=java.util.HashMap.getNode(ILjava/lang/Object;)Ljava/util/HashMap$Node; @ 126 c2
Event: 1683.445 Thread 0x000002c65808a000 Uncommon trap: reason=bimorphic_or_optimized_type_check action=maybe_recompile pc=0x000002c6452c3784 method=java.util.HashMap.getNode(ILjava/lang/Object;)Ljava/util/HashMap$Node; @ 126 c2
Event: 1683.471 Thread 0x000002c65808a000 Uncommon trap: reason=unstable_if action=reinterpret pc=0x000002c6452d77ac method=java.lang.ThreadLocal.get()Ljava/lang/Object; @ 11 c2
Event: 1683.503 Thread 0x000002c65808a000 Uncommon trap: reason=unstable_if action=reinterpret pc=0x000002c6452b448c method=java.lang.StringUTF16.compress([CI[BII)I @ 20 c2
Event: 1683.551 Thread 0x000002c65808a000 Uncommon trap: reason=unstable_if action=reinterpret pc=0x000002c6452e9d5c method=java.util.jar.Attributes.read(Ljava/util/jar/Manifest$FastInputStream;[B)V @ 249 c2
Event: 1683.570 Thread 0x000002c65808a000 Uncommon trap: reason=unstable_if action=reinterpret pc=0x000002c6452cf10c method=java.lang.ref.SoftReference.get()Ljava/lang/Object; @ 17 c2
Event: 1683.575 Thread 0x000002c65808a000 Uncommon trap: reason=unstable_if action=reinterpret pc=0x000002c6452e1b98 method=java.lang.ref.SoftReference.get()Ljava/lang/Object; @ 17 c2
Event: 1683.660 Thread 0x000002c65808a000 Uncommon trap: reason=unstable_if action=reinterpret pc=0x000002c6452f20d4 method=java.util.LinkedHashMap.afterNodeInsertion(Z)V @ 1 c2
Event: 1683.665 Thread 0x000002c65808a000 Uncommon trap: reason=unstable_if action=reinterpret pc=0x000002c6452c2524 method=java.util.HashMap.putVal(ILjava/lang/Object;Ljava/lang/Object;ZZ)Ljava/lang/Object; @ 81 c2

Classes redefined (0 events):
No events

Internal exceptions (10 events):
Event: 0.469 Thread 0x000002c6308f5800 Exception <a 'java/lang/NoSuchMethodError'{0x000000070d35d358}: java.lang.invoke.DirectMethodHandle$Holder.invokeStatic(Ljava/lang/Object;Ljava/lang/Object;Ljava/lang/Object;Ljava/lang/Object;Ljava/lang/Object;Ljava/lang/Object;Ljava/lang/Object;Ljava/lan
Event: 0.473 Thread 0x000002c6308f5800 Exception <a 'java/lang/NoSuchMethodError'{0x000000070d36da08}: java.lang.invoke.DirectMethodHandle$Holder.invokeStatic(Ljava/lang/Object;Ljava/lang/Object;Ljava/lang/Object;Ljava/lang/Object;Ljava/lang/Object;Ljava/lang/Object;Ljava/lang/Object;Ljava/lan
Event: 0.479 Thread 0x000002c6308f5800 Exception <a 'java/lang/NoSuchMethodError'{0x000000070d37c690}: method resolution failed> (0x000000070d37c690) thrown at [t:/workspace/open/src/hotspot/share/prims/methodHandles.cpp, line 1226]
Event: 18.165 Thread 0x000002c65808a000 Exception <a 'java/lang/NoSuchMethodError'{0x000000070cf010b8}: java.lang.Object.lambda$negate$3(I)Z> (0x000000070cf010b8) thrown at [t:/workspace/open/src/hotspot/share/interpreter/linkResolver.cpp, line 741]
Event: 18.166 Thread 0x000002c65808a000 Exception <a 'java/lang/NoSuchMethodError'{0x000000070cf04858}: java.lang.Object.lambda$union$3(Ljava/util/regex/Pattern$CharPredicate;I)Z> (0x000000070cf04858) thrown at [t:/workspace/open/src/hotspot/share/interpreter/linkResolver.cpp, line 741]
Event: 18.542 Thread 0x000002c65808a000 Exception <a 'java/lang/NoSuchMethodError'{0x000000070cfe0a08}: java.lang.Object.lambda$union$2(Ljava/util/regex/Pattern$CharPredicate;I)Z> (0x000000070cfe0a08) thrown at [t:/workspace/open/src/hotspot/share/interpreter/linkResolver.cpp, line 741]
Event: 18.596 Thread 0x000002c65808a000 Exception <a 'java/lang/NoSuchMethodError'{0x000000070cea57a8}: method resolution failed> (0x000000070cea57a8) thrown at [t:/workspace/open/src/hotspot/share/prims/methodHandles.cpp, line 1226]
Event: 18.639 Thread 0x000002c65808a000 Exception <a 'java/lang/NoSuchMethodError'{0x000000070cd73be8}: method resolution failed> (0x000000070cd73be8) thrown at [t:/workspace/open/src/hotspot/share/prims/methodHandles.cpp, line 1226]
Event: 18.644 Thread 0x000002c65808a000 Exception <a 'java/lang/NoSuchMethodError'{0x000000070cd893d0}: java.lang.invoke.DirectMethodHandle$Holder.invokeStatic(Ljava/lang/Object;Ljava/lang/Object;)I> (0x000000070cd893d0) thrown at [t:/workspace/open/src/hotspot/share/interpreter/linkResolver.cp
Event: 1683.471 Thread 0x000002c65808a000 Implicit null exception at 0x000002c6452d768d to 0x000002c6452d779a

Events (10 events):
Event: 1683.734 loading class org/eclipse/jdt/internal/compiler/ast/IPolyExpression
Event: 1683.734 loading class org/eclipse/jdt/internal/compiler/ast/IPolyExpression done
Event: 1683.735 loading class org/eclipse/jdt/internal/compiler/ast/QualifiedNameReference
Event: 1683.735 loading class org/eclipse/jdt/internal/compiler/ast/QualifiedNameReference done
Event: 1683.737 loading class org/eclipse/jdt/internal/compiler/ast/SingleNameReference
Event: 1683.737 loading class org/eclipse/jdt/internal/compiler/ast/SingleNameReference done
Event: 1683.737 Thread 0x000002c65808a000 DEOPT PACKING pc=0x000002c63ddc90df sp=0x000000d51fdfbad0
Event: 1683.737 Thread 0x000002c65808a000 DEOPT UNPACKING pc=0x000002c63d7d88ce sp=0x000000d51fdfaef0 mode 0
Event: 1683.738 loading class org/eclipse/jdt/internal/compiler/ast/Assignment
Event: 1683.738 loading class org/eclipse/jdt/internal/compiler/ast/Assignment done


Dynamic libraries:
0x00007ff75cf70000 - 0x00007ff75cfae000 	C:\cs\jdk\bin\java.exe
0x00007ffd34ea0000 - 0x00007ffd35080000 	C:\WINDOWS\SYSTEM32\ntdll.dll
0x00007ffd324a0000 - 0x00007ffd3254e000 	C:\WINDOWS\System32\KERNEL32.DLL
0x00007ffd31580000 - 0x00007ffd317e6000 	C:\WINDOWS\System32\KERNELBASE.dll
0x00007ffd323f0000 - 0x00007ffd32491000 	C:\WINDOWS\System32\ADVAPI32.dll
0x00007ffd34c40000 - 0x00007ffd34cdd000 	C:\WINDOWS\System32\msvcrt.dll
0x00007ffd34790000 - 0x00007ffd347eb000 	C:\WINDOWS\System32\sechost.dll
0x00007ffd32730000 - 0x00007ffd3284f000 	C:\WINDOWS\System32\RPCRT4.dll
0x00007ffd34600000 - 0x00007ffd3478f000 	C:\WINDOWS\System32\USER32.dll
0x00007ffd32350000 - 0x00007ffd32370000 	C:\WINDOWS\System32\win32u.dll
0x00007ffd32630000 - 0x00007ffd32658000 	C:\WINDOWS\System32\GDI32.dll
0x00007ffd317f0000 - 0x00007ffd31983000 	C:\WINDOWS\System32\gdi32full.dll
0x00007ffd31b60000 - 0x00007ffd31bfb000 	C:\WINDOWS\System32\msvcp_win.dll
0x00007ffd312a0000 - 0x00007ffd31396000 	C:\WINDOWS\System32\ucrtbase.dll
0x00007ffd2b290000 - 0x00007ffd2b29a000 	C:\WINDOWS\SYSTEM32\VERSION.dll
0x00007ffd27020000 - 0x00007ffd27289000 	C:\WINDOWS\WinSxS\amd64_microsoft.windows.common-controls_6595b64144ccf1df_6.0.16299.431_none_15c7d3ee93659e73\COMCTL32.dll
0x00007ffd34080000 - 0x00007ffd34388000 	C:\WINDOWS\System32\combase.dll
0x00007ffd31500000 - 0x00007ffd31572000 	C:\WINDOWS\System32\bcryptPrimitives.dll
0x00007ffd34390000 - 0x00007ffd343bd000 	C:\WINDOWS\System32\IMM32.DLL
0x00007ffd2c3e0000 - 0x00007ffd2c4cf000 	C:\cs\jdk\bin\msvcr120.dll
0x00007ffd2c330000 - 0x00007ffd2c3d6000 	C:\cs\jdk\bin\msvcp120.dll
0x000000006c190000 - 0x000000006cbff000 	C:\cs\jdk\bin\server\jvm.dll
0x00007ffd34e60000 - 0x00007ffd34e68000 	C:\WINDOWS\System32\PSAPI.DLL
0x00007ffd22d10000 - 0x00007ffd22d19000 	C:\WINDOWS\SYSTEM32\WSOCK32.dll
0x00007ffd32660000 - 0x00007ffd326cc000 	C:\WINDOWS\System32\WS2_32.dll
0x00007ffd2d900000 - 0x00007ffd2d923000 	C:\WINDOWS\SYSTEM32\WINMM.dll
0x00007ffd2d890000 - 0x00007ffd2d8ba000 	C:\WINDOWS\SYSTEM32\WINMMBASE.dll
0x00007ffd313a0000 - 0x00007ffd313ea000 	C:\WINDOWS\System32\cfgmgr32.dll
0x00007ffd1c1f0000 - 0x00007ffd1c1ff000 	C:\cs\jdk\bin\verify.dll
0x00007ffd22530000 - 0x00007ffd226f8000 	C:\WINDOWS\SYSTEM32\DBGHELP.DLL
0x00007ffd22f10000 - 0x00007ffd22f39000 	C:\WINDOWS\SYSTEM32\dbgcore.DLL
0x00007ffd1c1c0000 - 0x00007ffd1c1e7000 	C:\cs\jdk\bin\java.dll
0x00007ffd2eff0000 - 0x00007ffd2f01a000 	C:\cs\jdk\bin\instrument.dll
0x00007ffd1c1a0000 - 0x00007ffd1c1b6000 	C:\cs\jdk\bin\zip.dll
0x00007ffd1c190000 - 0x00007ffd1c19a000 	C:\cs\jdk\bin\jimage.dll
0x00007ffd328b0000 - 0x00007ffd33ce8000 	C:\WINDOWS\System32\SHELL32.dll
0x00007ffd34530000 - 0x00007ffd345d6000 	C:\WINDOWS\System32\shcore.dll
0x00007ffd31c00000 - 0x00007ffd32347000 	C:\WINDOWS\System32\windows.storage.dll
0x00007ffd326d0000 - 0x00007ffd32721000 	C:\WINDOWS\System32\shlwapi.dll
0x00007ffd31260000 - 0x00007ffd31271000 	C:\WINDOWS\System32\kernel.appcore.dll
0x00007ffd31210000 - 0x00007ffd3125c000 	C:\WINDOWS\System32\powrprof.dll
0x00007ffd311f0000 - 0x00007ffd3120b000 	C:\WINDOWS\System32\profapi.dll
0x00007ffd13170000 - 0x00007ffd1318a000 	C:\cs\jdk\bin\net.dll
0x00007ffd2d7b0000 - 0x00007ffd2d88e000 	C:\WINDOWS\SYSTEM32\WINHTTP.dll
0x00007ffd30a80000 - 0x00007ffd30ae6000 	C:\WINDOWS\system32\mswsock.dll
0x00007ffd0f580000 - 0x00007ffd0f591000 	C:\cs\jdk\bin\nio.dll
0x00007ffd2efd0000 - 0x00007ffd2efea000 	C:\cs\IntelliJ IDEA Community Edition 2018.1\bin\breakgen64.dll
0x00007ffd30c40000 - 0x00007ffd30c57000 	C:\WINDOWS\SYSTEM32\CRYPTSP.dll
0x00007ffd30680000 - 0x00007ffd306b3000 	C:\WINDOWS\system32\rsaenh.dll
0x00007ffd30d50000 - 0x00007ffd30d75000 	C:\WINDOWS\SYSTEM32\bcrypt.dll
0x00007ffd310f0000 - 0x00007ffd31119000 	C:\WINDOWS\SYSTEM32\USERENV.dll
0x00007ffd30c60000 - 0x00007ffd30c6b000 	C:\WINDOWS\SYSTEM32\CRYPTBASE.dll
0x00007ffd30810000 - 0x00007ffd30849000 	C:\WINDOWS\SYSTEM32\IPHLPAPI.DLL
0x00007ffd34d40000 - 0x00007ffd34d48000 	C:\WINDOWS\System32\NSI.dll
0x00007ffd2b400000 - 0x00007ffd2b416000 	C:\WINDOWS\SYSTEM32\dhcpcsvc6.DLL
0x00007ffd2b6d0000 - 0x00007ffd2b6ea000 	C:\WINDOWS\SYSTEM32\dhcpcsvc.DLL

dbghelp: loaded successfully - version: 4.0.5 - missing functions: none
symbol engine: initialized successfully - sym options: 0x614 - pdb path: .;C:\cs\jdk\bin;C:\WINDOWS\SYSTEM32;C:\WINDOWS\WinSxS\amd64_microsoft.windows.common-controls_6595b64144ccf1df_6.0.16299.431_none_15c7d3ee93659e73;C:\cs\jdk\bin\server;C:\cs\IntelliJ IDEA Community Edition 2018.1\bin

VM Arguments:
jvm_args: -javaagent:C:\cs\IntelliJ IDEA Community Edition 2018.1\lib\idea_rt.jar=7018:C:\cs\IntelliJ IDEA Community Edition 2018.1\bin -Dfile.encoding=UTF-8 
java_command: edu.fdu.se.main.astdiff.MyHttpServer
java_class_path (initial): C:\cs\javaspace\diffminer3\target\classes;C:\Users\Basti031\.m2\repository\org\eclipse\jgit\org.eclipse.jgit\4.6.0.201612231935-r\org.eclipse.jgit-4.6.0.201612231935-r.jar;C:\Users\Basti031\.m2\repository\com\jcraft\jsch\0.1.53\jsch-0.1.53.jar;C:\Users\Basti031\.m2\repository\com\googlecode\javaewah\JavaEWAH\1.1.6\JavaEWAH-1.1.6.jar;C:\Users\Basti031\.m2\repository\org\apache\httpcomponents\httpclient\4.3.6\httpclient-4.3.6.jar;C:\Users\Basti031\.m2\repository\org\apache\httpcomponents\httpcore\4.3.3\httpcore-4.3.3.jar;C:\Users\Basti031\.m2\repository\commons-logging\commons-logging\1.1.3\commons-logging-1.1.3.jar;C:\Users\Basti031\.m2\repository\org\slf4j\slf4j-api\1.7.2\slf4j-api-1.7.2.jar;C:\Users\Basti031\.m2\repository\org\mybatis\mybatis\3.4.5\mybatis-3.4.5.jar;C:\Users\Basti031\.m2\repository\mysql\mysql-connector-java\6.0.6\mysql-connector-java-6.0.6.jar;C:\Users\Basti031\.m2\repository\com\github\mpkorstanje\simmetrics-core\3.2.3\simmetrics-core-3.2.3.jar;C:\Users\Basti031\.m2\repository\commons-codec\commons-codec\1.10\commons-codec-1.10.jar;C:\Users\Basti031\.m2\repository\net\sf\trove4j\trove4j\3.0.3\trove4j-3.0.3.jar;C:\Users\Basti031\.m2\repository\com\google\code\gson\gson\2.8.2\gson-2.8.2.jar;C:\Users\Basti031\.m2\repository\org\jgrapht\jgrapht-core\1.0.1\jgrapht-core-1.0.1.jar;C:\Users\Basti031\.m2\repository\org\reflections\reflections\0.9.11\reflections-0.9.11.jar;C:\Users\Basti031\.m2\repository\com\google\guava\guava\20.0\guava-20.0.jar;C:\Users\Basti031\.m2\repository\org\javassist\javassist\3.21.0-GA\javassist-3.21.0-GA.jar;C:\Users\Basti031\.m2\repository\org\eclipse\jdt\org.eclipse.jdt.core\3.12.3\org.eclipse.jdt.core-3.12.3.jar;C:\Users\Basti031\.m2\repository\org\eclipse\platform\org.eclipse.core.resources\3.12.0\org.eclipse.core.resources-3.12.0.jar;C:\Users\Basti031\.m2\repository\org\eclipse\platform\org.eclipse.core.expressions\3.6.0\org.eclipse.core.expressions-3.6.0.jar;C:\Users\Basti031\.m2\repository\or
Launcher Type: SUN_STANDARD

Logging:
Log output configuration:
#0: stdout all=warning uptime,level,tags
#1: stderr all=off uptime,level,tags

Environment Variables:
JAVA_HOME=C:\cs\jdk
CLASSPATH=.;C:\cs\jdk\lib;C:\cs\jdk\lib\tools.jar
PATH=C:\Program Files\Microsoft MPI\Bin\;C:\ProgramData\Oracle\Java\javapath;C:\WINDOWS\system32;C:\WINDOWS;C:\WINDOWS\System32\Wbem;C:\WINDOWS\System32\WindowsPowerShell\v1.0\;C:\Program Files\dotnet\;C:\Program Files\Microsoft SQL Server\130\Tools\Binn\;C:\cs\jdk\bin;C:\cs\jdk\jre\bin;C:\Users\Basti031\AppData\Local\Programs\Python\Python36\Scripts\;C:\Users\Basti031\AppData\Local\Programs\Python\Python36\;C:\Users\Basti031\AppData\Local\Microsoft\WindowsApps;
USERNAME=Basti031
OS=Windows_NT
PROCESSOR_IDENTIFIER=Intel64 Family 6 Model 60 Stepping 3, GenuineIntel



---------------  S Y S T E M  ---------------

OS: Windows 10 , 64 bit Build 16299 (10.0.16299.431)

CPU:total 8 (initial active 8) (4 cores per cpu, 2 threads per core) family 6 model 60 stepping 3, cmov, cx8, fxsr, mmx, sse, sse2, sse3, ssse3, sse4.1, sse4.2, popcnt, avx, avx2, aes, clmul, erms, lzcnt, ht, tsc, tscinvbit, bmi1, bmi2, fma

Memory: 4k page, physical 12463116k(5770632k free), swap 14363660k(6115860k free)

vm_info: Java HotSpot(TM) 64-Bit Server VM (10+46) for windows-amd64 JRE (10+46), built on Mar  8 2018 02:11:18 by "mach5one" with MS VC++ 12.0 (VS2013)

END.
